<?xml version="1.0" encoding="UTF-8"?>
<!-- Generated by org.testng.reporters.JUnitXMLReporter -->
<testsuite ignored="0" hostname="LAPTOP-DOBLN3AU" failures="0" tests="3" name="Default test" time="22.048" errors="0" timestamp="25 Oct 2021 12:04:08 GMT">
  <testcase classname="com.qa.lesson2.Scripts.WikiLoginPageTest" name="HomepageTest" time="4.913"/>
  <testcase classname="com.qa.lesson2.Scripts.WikiLoginPageTest" name="loginTest" time="5.399"/>
  <testcase classname="com.qa.lesson2.Scripts.WikiLoginPageTest" name="searchpageTest" time="7.515"/>
</testsuite> <!-- Default test -->
