<?xml version="1.0" encoding="UTF-8"?>
<!-- Generated by org.testng.reporters.JUnitXMLReporter -->
<testsuite ignored="0" hostname="LAPTOP-DOBLN3AU" failures="0" tests="3" name="LoginPage" time="23.033" errors="0" timestamp="25 Oct 2021 12:15:22 GMT">
  <testcase classname="com.qa.lesson2.Scripts.WikiLoginPageTest" name="HomepageTest" time="4.823"/>
  <testcase classname="com.qa.lesson2.Scripts.WikiLoginPageTest" name="searchpageTest" time="6.668"/>
  <testcase classname="com.qa.lesson2.Scripts.WikiLoginPageTest" name="loginTest" time="5.65"/>
</testsuite> <!-- LoginPage -->
