<?xml version="1.0" encoding="UTF-8"?>
<testng-results ignored="0" total="6" passed="6" failed="0" skipped="0">
  <reporter-output>
  </reporter-output>
  <suite started-at="2021-10-25T12:14:50Z" name="Suite1" finished-at="2021-10-25T12:15:22Z" duration-ms="32117">
    <groups>
    </groups>
    <test started-at="2021-10-25T12:14:50Z" name="WikiPageTest" finished-at="2021-10-25T12:14:59Z" duration-ms="9026">
      <class name="com.qa.lesson2.Scripts.WikiHomePageTest">
        <test-method is-config="true" signature="openbrowser()[pri:0, instance:com.qa.lesson2.Scripts.WikiHomePageTest@3b6d844d]" started-at="2021-10-25T12:14:50Z" name="openbrowser" finished-at="2021-10-25T12:14:54Z" duration-ms="4876" status="PASS">
          <reporter-output>
          </reporter-output>
        </test-method> <!-- openbrowser -->
        <test-method signature="HomepageTest()[pri:49, instance:com.qa.lesson2.Scripts.WikiHomePageTest@3b6d844d]" started-at="2021-10-25T12:14:54Z" name="HomepageTest" finished-at="2021-10-25T12:14:57Z" duration-ms="2896" status="PASS">
          <reporter-output>
          </reporter-output>
        </test-method> <!-- HomepageTest -->
        <test-method is-config="true" signature="closeBrowser()[pri:0, instance:com.qa.lesson2.Scripts.WikiHomePageTest@3b6d844d]" started-at="2021-10-25T12:14:57Z" name="closeBrowser" finished-at="2021-10-25T12:14:59Z" duration-ms="1235" status="PASS">
          <reporter-output>
          </reporter-output>
        </test-method> <!-- closeBrowser -->
      </class> <!-- com.qa.lesson2.Scripts.WikiHomePageTest -->
    </test> <!-- WikiPageTest -->
    <test started-at="2021-10-25T12:14:50Z" name="SearchPageTest" finished-at="2021-10-25T12:15:05Z" duration-ms="15517">
      <class name="com.qa.lesson2.Scripts.WikiSearchPageTest">
        <test-method is-config="true" signature="openbrowser()[pri:0, instance:com.qa.lesson2.Scripts.WikiSearchPageTest@68878f6d]" started-at="2021-10-25T12:14:50Z" name="openbrowser" finished-at="2021-10-25T12:14:55Z" duration-ms="5251" status="PASS">
          <reporter-output>
          </reporter-output>
        </test-method> <!-- openbrowser -->
        <test-method signature="HomepageTest()[pri:49, instance:com.qa.lesson2.Scripts.WikiSearchPageTest@68878f6d]" started-at="2021-10-25T12:14:55Z" name="HomepageTest" finished-at="2021-10-25T12:15:00Z" duration-ms="5196" status="PASS">
          <reporter-output>
          </reporter-output>
        </test-method> <!-- HomepageTest -->
        <test-method signature="searchpageTest()[pri:50, instance:com.qa.lesson2.Scripts.WikiSearchPageTest@68878f6d]" started-at="2021-10-25T12:15:00Z" name="searchpageTest" finished-at="2021-10-25T12:15:04Z" duration-ms="4036" status="PASS">
          <reporter-output>
          </reporter-output>
        </test-method> <!-- searchpageTest -->
        <test-method is-config="true" signature="closeBrowser()[pri:0, instance:com.qa.lesson2.Scripts.WikiSearchPageTest@68878f6d]" started-at="2021-10-25T12:15:04Z" name="closeBrowser" finished-at="2021-10-25T12:15:05Z" duration-ms="1027" status="PASS">
          <reporter-output>
          </reporter-output>
        </test-method> <!-- closeBrowser -->
      </class> <!-- com.qa.lesson2.Scripts.WikiSearchPageTest -->
    </test> <!-- SearchPageTest -->
    <test started-at="2021-10-25T12:14:59Z" name="LoginPage" finished-at="2021-10-25T12:15:22Z" duration-ms="23033">
      <class name="com.qa.lesson2.Scripts.WikiLoginPageTest">
        <test-method is-config="true" signature="openbrowser()[pri:0, instance:com.qa.lesson2.Scripts.WikiLoginPageTest@16612a51]" started-at="2021-10-25T12:14:59Z" name="openbrowser" finished-at="2021-10-25T12:15:05Z" duration-ms="5891" status="PASS">
          <reporter-output>
          </reporter-output>
        </test-method> <!-- openbrowser -->
        <test-method signature="HomepageTest()[pri:49, instance:com.qa.lesson2.Scripts.WikiLoginPageTest@16612a51]" started-at="2021-10-25T12:15:05Z" name="HomepageTest" finished-at="2021-10-25T12:15:09Z" duration-ms="4823" status="PASS">
          <reporter-output>
          </reporter-output>
        </test-method> <!-- HomepageTest -->
        <test-method signature="searchpageTest()[pri:50, instance:com.qa.lesson2.Scripts.WikiLoginPageTest@16612a51]" started-at="2021-10-25T12:15:09Z" name="searchpageTest" finished-at="2021-10-25T12:15:16Z" duration-ms="6668" status="PASS">
          <reporter-output>
          </reporter-output>
        </test-method> <!-- searchpageTest -->
        <test-method signature="loginTest()[pri:51, instance:com.qa.lesson2.Scripts.WikiLoginPageTest@16612a51]" started-at="2021-10-25T12:15:16Z" name="loginTest" finished-at="2021-10-25T12:15:22Z" duration-ms="5650" status="PASS">
          <reporter-output>
          </reporter-output>
        </test-method> <!-- loginTest -->
      </class> <!-- com.qa.lesson2.Scripts.WikiLoginPageTest -->
    </test> <!-- LoginPage -->
  </suite> <!-- Suite1 -->
</testng-results>
